{"numTotalTestSuites":10,"numPassedTestSuites":8,"numFailedTestSuites":2,"numPendingTestSuites":0,"numTotalTests":13,"numPassedTests":12,"numFailedTests":1,"numPendingTests":0,"numTodoTests":0,"snapshot":{"added":0,"failure":false,"filesAdded":0,"filesRemoved":0,"filesRemovedList":[],"filesUnmatched":0,"filesUpdated":0,"matched":0,"total":0,"unchecked":0,"uncheckedKeysByFile":[],"unmatched":0,"updated":0,"didUpdate":false},"startTime":1782556623884,"success":false,"testResults":[{"assertionResults":[{"ancestorTitles":["routing helpers"],"fullName":"routing helpers maps roles to the correct destinations","status":"passed","title":"maps roles to the correct destinations","duration":5.932299999999486,"failureMessages":[],"meta":{},"tags":[]}],"startTime":1782556629365,"endTime":1782556629370.9324,"status":"passed","message":"","name":"C:/Users/Admin/Desktop/New folder (3)/AI-SPEIS/client/ai-speis/src/App.test.jsx"},{"assertionResults":[{"ancestorTitles":["shared UI components"],"fullName":"shared UI components renders a button with the expected accessible role","status":"passed","title":"renders a button with the expected accessible role","duration":379.1309000000001,"failureMessages":[],"meta":{},"tags":[]},{"ancestorTitles":["shared UI components"],"fullName":"shared UI components renders a disabled button state","status":"passed","title":"renders a disabled button state","duration":23.87880000000041,"failureMessages":[],"meta":{},"tags":[]}],"startTime":1782556629935,"endTime":1782556630338.879,"status":"passed","message":"","name":"C:/Users/Admin/Desktop/New folder (3)/AI-SPEIS/client/ai-speis/src/components/UI/UIComponents.test.jsx"},{"assertionResults":[{"ancestorTitles":["admin pages"],"fullName":"admin pages renders the admin dashboard shell","status":"passed","title":"renders the admin dashboard shell","duration":274.21119999999974,"failureMessages":[],"meta":{},"tags":[]},{"ancestorTitles":["admin pages"],"fullName":"admin pages renders the user management page, filters, and modal interactions","status":"passed","title":"renders the user management page, filters, and modal interactions","duration":434.6869999999999,"failureMessages":[],"meta":{},"tags":[]},{"ancestorTitles":["admin pages"],"fullName":"admin pages renders the question management page and supports filtering","status":"passed","title":"renders the question management page and supports filtering","duration":237.98649999999998,"failureMessages":[],"meta":{},"tags":[]}],"startTime":1782556631208,"endTime":1782556632155.9866,"status":"passed","message":"","name":"C:/Users/Admin/Desktop/New folder (3)/AI-SPEIS/client/ai-speis/src/pages/admin/AdminPages.test.jsx"},{"assertionResults":[{"ancestorTitles":["authentication pages"],"fullName":"authentication pages renders the login page and shows success feedback from the query string","status":"passed","title":"renders the login page and shows success feedback from the query string","duration":321.5140000000001,"failureMessages":[],"meta":{},"tags":[]},{"ancestorTitles":["authentication pages"],"fullName":"authentication pages renders the register page with the auth card shell","status":"passed","title":"renders the register page with the auth card shell","duration":24.579900000000634,"failureMessages":[],"meta":{},"tags":[]},{"ancestorTitles":["authentication pages"],"fullName":"authentication pages submits the forgot password form and shows a success message","status":"passed","title":"submits the forgot password form and shows a success message","duration":411.6760999999997,"failureMessages":[],"meta":{},"tags":[]},{"ancestorTitles":["authentication pages"],"fullName":"authentication pages submits the reset password form and shows success feedback","status":"passed","title":"submits the reset password form and shows success feedback","duration":562.2406000000001,"failureMessages":[],"meta":{},"tags":[]}],"startTime":1782556630368,"endTime":1782556631688.2405,"status":"passed","message":"","name":"C:/Users/Admin/Desktop/New folder (3)/AI-SPEIS/client/ai-speis/src/pages/authen/AuthPages.test.jsx"},{"assertionResults":[{"ancestorTitles":["student pages"],"fullName":"student pages renders the dashboard with the welcome copy","status":"passed","title":"renders the dashboard with the welcome copy","duration":329.6687000000002,"failureMessages":[],"meta":{},"tags":[]},{"ancestorTitles":["student pages"],"fullName":"student pages shows the empty CV state and supports upload selection","status":"passed","title":"shows the empty CV state and supports upload selection","duration":64.5600999999997,"failureMessages":[],"meta":{},"tags":[]},{"ancestorTitles":["student pages"],"fullName":"student pages renders question filters and allows search","status":"failed","title":"renders question filters and allows search","duration":1054.0656,"failureMessages":["Error: Unable to find an element with the text: /Explain React Hooks/i. This could be because the text is broken up by multiple elements. In this case, you can provide a function for your text matcher to make your matcher more flexible.\n\nIgnored nodes: comments, script, style\n\u001b[36m<body>\u001b[39m\n  \u001b[36m<div>\u001b[39m\n    \u001b[36m<div>\u001b[39m\n      \u001b[36m<div\u001b[39m\n        \u001b[33mclass\u001b[39m=\u001b[32m\"space-y-6 pb-12 animate-pageEntrance\"\u001b[39m\n      \u001b[36m>\u001b[39m\n        \u001b[36m<div>\u001b[39m\n          \u001b[36m<h1\u001b[39m\n            \u001b[33mclass\u001b[39m=\u001b[32m\"text-3xl font-bold text-text-primary tracking-tight mb-1\"\u001b[39m\n          \u001b[36m>\u001b[39m\n            \u001b[0mNgân hàng câu hỏi\u001b[0m\n          \u001b[36m</h1>\u001b[39m\n          \u001b[36m<p\u001b[39m\n            \u001b[33mclass\u001b[39m=\u001b[32m\"text-base text-text-secondary leading-relaxed max-w-4xl\"\u001b[39m\n          \u001b[36m>\u001b[39m\n            \u001b[0mDuyệt qua hàng ngàn câu hỏi phỏng vấn kỹ thuật và kỹ năng mềm được tuyển chọn, mở phòng các vòng phỏng vấn thực tế.\u001b[0m\n          \u001b[36m</p>\u001b[39m\n        \u001b[36m</div>\u001b[39m\n        \u001b[36m<form\u001b[39m\n          \u001b[33mclass\u001b[39m=\u001b[32m\"flex gap-2.5\"\u001b[39m\n        \u001b[36m>\u001b[39m\n          \u001b[36m<div\u001b[39m\n            \u001b[33mclass\u001b[39m=\u001b[32m\"relative flex-1\"\u001b[39m\n          \u001b[36m>\u001b[39m\n            \u001b[36m<input\u001b[39m\n              \u001b[33mclass\u001b[39m=\u001b[32m\"w-full bg-surface-2 border border-border-strong rounded-xl pl-12 pr-4 py-3.5 text-sm text-text-primary focus:outline-none focus:border-primary-dark transition-all placeholder:text-text-disabled\"\u001b[39m\n              \u001b[33mplaceholder\u001b[39m=\u001b[32m\"Tìm câu hỏi phỏng vấn (VD: React Hooks, B-Tree, Xử lý xung đột...)\"\u001b[39m\n              \u001b[33mtype\u001b[39m=\u001b[32m\"text\"\u001b[39m\n              \u001b[33mvalue\u001b[39m=\u001b[32m\"\"\u001b[39m\n            \u001b[36m/>\u001b[39m\n            \u001b[36m<svg\u001b[39m\n              \u001b[33maria-hidden\u001b[39m=\u001b[32m\"true\"\u001b[39m\n              \u001b[33mclass\u001b[39m=\u001b[32m\"lucide lucide-search absolute left-4 top-4 text-text-secondary\"\u001b[39m\n              \u001b[33mfill\u001b[39m=\u001b[32m\"none\"\u001b[39m\n              \u001b[33mheight\u001b[39m=\u001b[32m\"20\"\u001b[39m\n              \u001b[33mstroke\u001b[39m=\u001b[32m\"currentColor\"\u001b[39m\n              \u001b[33mstroke-linecap\u001b[39m=\u001b[32m\"round\"\u001b[39m\n              \u001b[33mstroke-linejoin\u001b[39m=\u001b[32m\"round\"\u001b[39m\n              \u001b[33mstroke-width\u001b[39m=\u001b[32m\"2\"\u001b[39m\n              \u001b[33mviewBox\u001b[39m=\u001b[32m\"0 0 24 24\"\u001b[39m\n              \u001b[33mwidth\u001b[39m=\u001b[32m\"20\"\u001b[39m\n              \u001b[33mxmlns\u001b[39m=\u001b[32m\"http://www.w3.org/2000/svg\"\u001b[39m\n            \u001b[36m>\u001b[39m\n              \u001b[36m<path\u001b[39m\n                \u001b[33md\u001b[39m=\u001b[32m\"m21 21-4.34-4.34\"\u001b[39m\n              \u001b[36m/>\u001b[39m\n              \u001b[36m<circle\u001b[39m\n                \u001b[33mcx\u001b[39m=\u001b[32m\"11\"\u001b[39m\n                \u001b[33mcy\u001b[39m=\u001b[32m\"11\"\u001b[39m\n                \u001b[33mr\u001b[39m=\u001b[32m\"8\"\u001b[39m\n              \u001b[36m/>\u001b[39m\n            \u001b[36m</svg>\u001b[39m\n          \u001b[36m</div>\u001b[39m\n          \u001b[36m<button\u001b[39m\n            \u001b[33mclass\u001b[39m=\u001b[32m\"flex items-center gap-2 px-5 py-3.5 rounded-xl text-xs font-bold transition-all duration-300 whitespace-nowrap cursor-pointer uppercase tracking-wider shadow-sm hover:-translate-y-0.5 hover:shadow-md border border-transparent bg-surface-2 text-text-secondary hover:bg-surface-3 hover:text-text-primary\"\u001b[39m\n            \u001b[33mtype\u001b[39m=\u001b[32m\"button\"\u001b[39m\n          \u001b[36m>\u001b[39m\n            \u001b[36m<svg\u001b[39m\n              \u001b[33maria-hidden\u001b[39m=\u001b[32m\"true\"\u001b[39m\n              \u001b[33mclass\u001b[39m=\u001b[32m\"lucide lucide-bookmark text-text-secondary\"\u001b[39m\n              \u001b[33mfill\u001b[39m=\u001b[32m\"none\"\u001b[39m\n              \u001b[33mheight\u001b[39m=\u001b[32m\"16\"\u001b[39m\n              \u001b[33mstroke\u001b[39m=\u001b[32m\"currentColor\"\u001b[39m\n              \u001b[33mstroke-linecap\u001b[39m=\u001b[32m\"round\"\u001b[39m\n              \u001b[33mstroke-linejoin\u001b[39m=\u001b[32m\"round\"\u001b[39m\n              \u001b[33mstroke-width\u001b[39m=\u001b[32m\"2\"\u001b[39m\n              \u001b[33mviewBox\u001b[39m=\u001b[32m\"0 0 24 24\"\u001b[39m\n              \u001b[33mwidth\u001b[39m=\u001b[32m\"16\"\u001b[39m\n              \u001b[33mxmlns\u001b[39m=\u001b[32m\"http://www.w3.org/2000/svg\"\u001b[39m\n            \u001b[36m>\u001b[39m\n              \u001b[36m<path\u001b[39m\n                \u001b[33md\u001b[39m=\u001b[32m\"M17 3a2 2 0 0 1 2 2v15a1 1 0 0 1-1.496.868l-4.512-2.578a2 2 0 0 0-1.984 0l-4.512 2.578A1 1 0 0 1 5 20V5a2 2 0 0 1 2-2z\"\u001b[39m\n              \u001b[36m/>\u001b[39m\n            \u001b[36m</svg>\u001b[39m\n            \u001b[0mĐã lưu\u001b[0m\n          \u001b[36m</button>\u001b[39m\n          \u001b[36m<button\u001b[39m\n            \u001b[33mclass\u001b[39m=\u001b[32m\"bg-gradient-to-br from-primary to-[#4A90E2] hover:opacity-90 hover:shadow-lg hover:-translate-y-0.5 text-white text-xs font-bold px-7 py-3.5 rounded-xl transition-all duration-300 cursor-pointer whitespace-nowrap uppercase tracking-wider shadow-md\"\u001b[39m\n            \u001b[33mtype\u001b[39m=\u001b[32m\"submit\"\u001b[39m\n          \u001b[36m>\u001b[39m\n            \u001b[0mTìm kiếm\u001b[0m\n          \u001b[36m</button>\u001b[39m\n        \u001b[36m</form>\u001b[39m\n        \u001b[36m<div\u001b[39m\n          \u001b[33mclass\u001b[39m=\u001b[32m\"grid grid-cols-1 lg:grid-cols-4 gap-6 items-start\"\u001b[39m\n        \u001b[36m>\u001b[39m\n          \u001b[36m<aside\u001b[39m\n            \u001b[33mclass\u001b[39m=\u001b[32m\"lg:col-span-1 space-y-4 sticky top-[93px] self-start\"\u001b[39m\n          \u001b[36m>\u001b[39m\n            \u001b[36m<div\u001b[39m\n              \u001b[33mclass\u001b[39m=\u001b[32m\"bg-surface-2 border border-border rounded-xl overflow-hidden shadow-sm\"\u001b[39m\n            \u001b[36m>\u001b[39m\n              \u001b[36m<button\u001b[39m\n                \u001b[33mclass\u001b[39m=\u001b[32m\"w-full px-4 py-3.5 flex items-center justify-between bg-surface-1 border-b border-border text-sm font-bold text-text-primary uppercase tracking-wider cursor-pointer\"\u001b[39m\n              \u001b[36m>\u001b[39m\n                \u001b[36m<span>\u001b[39m\n                  \u001b[0mVị trí (Role)\u001b[0m\n                \u001b[36m</span>\u001b[39m\n                \u001b[36m<svg\u001b[39m\n                  \u001b[33maria-hidden\u001b[39m=\u001b[32m\"true\"\u001b[39m\n                  \u001b[33mclass\u001b[39m=\u001b[32m\"lucide lucide-chevron-down transition-transform duration-300 transform rotate-180\"\u001b[39m\n                  \u001b[33mfill\u001b[39m=\u001b[32m\"none\"\u001b[39m\n                  \u001b[33mheight\u001b[39m=\u001b[32m\"16\"\u001b[39m\n                  \u001b[33mstroke\u001b[39m=\u001b[32m\"currentColor\"\u001b[39m\n                  \u001b[33mstroke-linecap\u001b[39m=\u001b[32m\"round\"\u001b[39m\n                  \u001b[33mstroke-linejoin\u001b[39m=\u001b[32m\"round\"\u001b[39m\n                  \u001b[33mstroke-width\u001b[39m=\u001b[32m\"2\"\u001b[39m\n                  \u001b[33mviewBox\u001b[39m=\u001b[32m\"0 0 24 24\"\u001b[39m\n                  \u001b[33mwidth\u001b[39m=\u001b[32m\"16\"\u001b[39m\n                  \u001b[33mxmlns\u001b[39m=\u001b[32m\"http://www.w3.org/2000/svg\"\u001b[39m\n                \u001b[36m>\u001b[39m\n                  \u001b[36m<path\u001b[39m\n                    \u001b[33md\u001b[39m=\u001b[32m\"m6 9 6 6 6-6\"\u001b[39m\n                  \u001b[36m/>\u001b[39m\n                \u001b[36m</svg>\u001b[39m\n              \u001b[36m</button>\u001b[39m\n              \u001b[36m<div\u001b[39m\n                \u001b[33mclass\u001b[39m=\u001b[32m\"overflow-hidden transition-all duration-300 ease-in-out max-h-96 opacity-100\"\u001b[39m\n              \u001b[36m>\u001b[39m\n                \u001b[36m<div\u001b[39m\n                  \u001b[33mclass\u001b[39m=\u001b[32m\"p-4 space-y-3 max-h-56 overflow-y-auto\"\u001b[39m\n                \u001b[36m>\u001b[39m\n                  \u001b[36m<p\u001b[39m\n                    \u001b[33mclass\u001b[39m=\u001b[32m\"text-xs text-text-disabled italic\"\u001b[39m\n                  \u001b[36m>\u001b[39m\n                    \u001b[0mKhông có dữ liệu\u001b[0m\n                  \u001b[36m</p>\u001b[39m\n                \u001b[36m</div>\u001b[39m\n              \u001b[36m</div>\u001b[39m\n            \u001b[36m</div>\u001b[39m\n            \u001b[36m<div\u001b[39m\n              \u001b[33mclass\u001b[39m=\u001b[32m\"bg-surface-2 border border-border rounded-xl overflow-hidden shadow-sm\"\u001b[39m\n            \u001b[36m>\u001b[39m\n              \u001b[36m<button\u001b[39m\n                \u001b[33mclass\u001b[39m=\u001b[32m\"w-full px-4 py-3.5 flex items-center justify-between bg-surface-1 border-b border-border text-sm font-bold text-text-primary uppercase tracking-wider cursor-pointer\"\u001b[39m\n              \u001b[36m>\u001b[39m\n                \u001b[36m<span>\u001b[39m\n                  \u001b[0mĐộ khó\u001b[0m\n                \u001b[36m</span>\u001b[39m\n                \u001b[36m<svg\u001b[39m\n                  \u001b[33maria-hidden\u001b[39m=\u001b[32m\"true\"\u001b[39m\n                  \u001b[33mclass\u001b[39m=\u001b[32m\"lucide lucide-chevron-down transition-transform duration-300 transform rotate-180\"\u001b[39m\n                  \u001b[33mfill\u001b[39m=\u001b[32m\"none\"\u001b[39m\n                  \u001b[33mheight\u001b[39m=\u001b[32m\"16\"\u001b[39m\n                  \u001b[33mstroke\u001b[39m=\u001b[32m\"currentColor\"\u001b[39m\n                  \u001b[33mstroke-linecap\u001b[39m=\u001b[32m\"round\"\u001b[39m\n                  \u001b[33mstroke-linejoin\u001b[39m=\u001b[32m\"round\"\u001b[39m\n                  \u001b[33mstroke-width\u001b[39m=\u001b[32m\"2\"\u001b[39m\n                  \u001b[33mviewBox\u001b[39m=\u001b[32m\"0 0 24 24\"\u001b[39m\n                  \u001b[33mwidth\u001b[39m=\u001b[32m\"16\"\u001b[39m\n                  \u001b[33mxmlns\u001b[39m=\u001b[32m\"http://www.w3.org/2000/svg\"\u001b[39m\n                \u001b[36m>\u001b[39m\n                  \u001b[36m<path\u001b[39m\n                    \u001b[33md\u001b[39m=\u001b[32m\"m6 9 6 6 6-6\"\u001b[39m\n                  \u001b[36m/>\u001b[39m\n                \u001b[36m</svg>\u001b[39m\n              \u001b[36m</button>\u001b[39m\n              \u001b[36m<div\u001b[39m\n                \u001b[33mclass\u001b[39m=\u001b[32m\"overflow-hidden transition-all duration-300 ease-in-out max-h-96 opacity-100\"\u001b[39m\n              \u001b[36m>\u001b[39m\n                \u001b[36m<div\u001b[39m\n                  \u001b[33mclass\u001b[39m=\u001b[32m\"p-4 space-y-3\"\u001b[39m\n                \u001b[36m>\u001b[39m\n                  \u001b[36m<label\u001b[39m\n                    \u001b[33mclass\u001b[39m=\u001b[32m\"flex items-center text-xs font-semibold text-text-secondary cursor-pointer hover:text-primary-dark transition-colors\"\u001b[39m\n                  \u001b[36m>\u001b[39m\n                    \u001b[36m<input\u001b[39m\n                      \u001b[33mclass\u001b[39m=\u001b[32m\"mr-2.5 accent-primary h-4.5 w-4.5 rounded border-border-strong\"\u001b[39m\n                      \u001b[33mtype\u001b[39m=\u001b[32m\"checkbox\"\u001b[39m\n                    \u001b[36m/>\u001b[39m\n                    \u001b[36m<span>\u001b[39m\n                      \u001b[0mDễ\u001b[0m\n                    \u001b[36m</span>\u001b[39m\n                    \u001b[36m<span\u001b[39m\n                      \u001b[33mclass\u001b[39m=\u001b[32m\"ml-auto text-[10px] text-text-disabled font-bold bg-surface-3 px-2 py-0.5 rounded border border-border/20\"\u001b[39m\n                    \u001b[36m>\u001b[39m\n                      \u001b[0m0\u001b[0m\n                    \u001b[36m</span>\u001b[39m\n                  \u001b[36m</label>\u001b[39m\n                  \u001b[36m<label\u001b[39m\n                    \u001b[33mclass\u001b[39m=\u001b[32m\"flex items-center text-xs font-semibold text-text-secondary cursor-pointer hover:text-primary-dark transition-colors\"\u001b[39m\n                  \u001b[36m>\u001b[39m\n                    \u001b[36m<input\u001b[39m\n                      \u001b[33mclass\u001b[39m=\u001b[32m\"mr-2.5 accent-primary h-4.5 w-4.5 rounded border-border-strong\"\u001b[39m\n                      \u001b[33mtype\u001b[39m=\u001b[32m\"checkbox\"\u001b[39m\n                    \u001b[36m/>\u001b[39m\n                    \u001b[36m<span>\u001b[39m\n                      \u001b[0mTrung bình\u001b[0m\n                    \u001b[36m</span>\u001b[39m\n                    \u001b[36m<span\u001b[39m\n                      \u001b[33mclass\u001b[39m=\u001b[32m\"ml-auto text-[10px] text-text-disabled font-bold bg-surface-3 px-2 py-0.5 rounded border border-border/20\"\u001b[39m\n                    \u001b[36m>\u001b[39m\n                      \u001b[0m0\u001b[0m\n                    \u001b[36m</span>\u001b[39m\n                  \u001b[36m</label>\u001b[39m\n                  \u001b[36m<label\u001b[39m\n                    \u001b[33mclass\u001b[39m=\u001b[32m\"flex items-center text-xs font-semibold text-text-secondary cursor-pointer hover:text-primary-dark transition-colors\"\u001b[39m\n                  \u001b[36m>\u001b[39m\n                    \u001b[36m<input\u001b[39m\n                      \u001b[33mclass\u001b[39m=\u001b[32m\"mr-2.5 accent-primary h-4.5 w-4.5 rounded border-border-strong\"\u001b[39m\n                      \u001b[33mtype\u001b[39m=\u001b[32m\"checkbox\"\u001b[39m\n                    \u001b[36m/>\u001b[39m\n                    \u001b[36m<span>\u001b[39m\n                      \u001b[0mKhó\u001b[0m\n                    \u001b[36m</span>\u001b[39m\n                    \u001b[36m<span\u001b[39m\n                      \u001b[33mclass\u001b[39m=\u001b[32m\"ml-auto text-[10px] text-text-disabled font-bold bg-surface-3 px-2 py-0.5 rounded border border-border/20\"\u001b[39m\n                    \u001b[36m>\u001b[39m\n                      \u001b[0m0\u001b[0m\n                    \u001b[36m</span>\u001b[39m\n                  \u001b[36m</label>\u001b[39m\n                \u001b[36m</div>\u001b[39m\n              \u001b[36m</div>\u001b[39m\n            \u001b[36m</div>\u001b[39m\n            \u001b[36m<div\u001b[39m\n              \u001b[33mclass\u001b[39m=\u001b[32m\"flex flex-col items-center text-center relative py-2\"\u001b[39m\n            \u001b[36m>\u001b[39m\n              \u001b[36m<div\u001b[39m\n                \u001b[33mclass\u001b[39m=\u001b[32m\"relative bg-primary-xlight text-primary-dark border border-primary-light/50 px-4 py-2.5 rounded-xl text-xs font-bold leading-relaxed max-w-[90%] mb-3.5 shadow-sm\"\u001b[39m\n              \u001b[36m>\u001b[39m\n                \u001b[36m<div\u001b[39m\n                  \u001b[33mclass\u001b[39m=\u001b[32m\"absolute bottom-[-5px] left-1/2 transform -translate-x-1/2 rotate-45 w-2.5 h-2.5 bg-primary-xlight border-r border-b border-primary-light/50\"\u001b[39m\n                \u001b[36m/>\u001b[39m\n                \u001b[0m\"Let's study question!\"\u001b[0m\n              \u001b[36m</div>\u001b[39m\n              \u001b[36m<img\u001b[39m\n                \u001b[33malt\u001b[39m=\u001b[32m\"Studying Mascot\"\u001b[39m\n                \u001b[33mclass\u001b[39m=\u001b[32m\"w-48 h-48 object-cover rounded-full border-2 border-primary/20 shadow-md\"\u001b[39m\n                \u001b[33msrc\u001b[39m=\u001b[32m\"/studying_mascot.jpg\"\u001b[39m\n              \u001b[36m/>\u001b[39m\n            \u001b[36m</div>\u001b[39m\n          \u001b[36m</aside>\u001b[39m\n          \u001b[36m<main\u001b[39m\n            \u001b[33mclass\u001b[39m=\u001b[32m\"lg:col-span-3 space-y-4\"\u001b[39m\n          \u001b[36m>\u001b[39m\n            \u001b[36m<div\u001b[39m\n              \u001b[33mclass\u001b[39m=\u001b[32m\"bg-surface-2 border border-dashed border-border rounded-2xl p-14 text-center shadow-sm\"\u001b[39m\n            \u001b[36m>\u001b[39m\n              \u001b[36m<svg\u001b[39m\n                \u001b[33maria-hidden\u001b[39m=\u001b[32m\"true\"\u001b[39m\n                \u001b[33mclass\u001b[39m=\u001b[32m\"lucide lucide-circle-question-mark text-text-disabled mx-auto mb-3\"\u001b[39m\n                \u001b[33mfill\u001b[39m=\u001b[32m\"none\"\u001b[39m\n                \u001b[33mheight\u001b[39m=\u001b[32m\"40\"\u001b[39m\n                \u001b[33mstroke\u001b[39m=\u001b[32m\"currentColor\"\u001b[39m\n                \u001b[33mstroke-linecap\u001b[39m=\u001b[32m\"round\"\u001b[39m\n                \u001b[33mstroke-linejoin\u001b[39m=\u001b[32m\"round\"\u001b[39m\n                \u001b[33mstroke-width\u001b[39m=\u001b[32m\"2\"\u001b[39m\n                \u001b[33mviewBox\u001b[39m=\u001b[32m\"0 0 24 24\"\u001b[39m\n                \u001b[33mwidth\u001b[39m=\u001b[32m\"40\"\u001b[39m\n                \u001b[33mxmlns\u001b[39m=\u001b[32m\"http://www.w3.org/2000/svg\"\u001b[39m\n              \u001b[36m>\u001b[39m\n                \u001b[36m<circle\u001b[39m\n                  \u001b[33mcx\u001b[39m=\u001b[32m\"12\"\u001b[39m\n                  \u001b[33mcy\u001b[39m=\u001b[32m\"12\"\u001b[39m\n                  \u001b[33mr\u001b[39m=\u001b[32m\"10\"\u001b[39m\n                \u001b[36m/>\u001b[39m\n                \u001b[36m<path\u001b[39m\n                  \u001b[33md\u001b[39m=\u001b[32m\"M9.09 9a3 3 0 0 1 5.83 1c0 2-3 3-3 3\"\u001b[39m\n                \u001b[36m/>\u001b[39m\n                \u001b[36m<path\u001b[39m\n                  \u001b[33md\u001b[39m=\u001b[32m\"M12 17h.01\"\u001b[39m\n                \u001b[36m/>\u001b[39m\n              \u001b[36m</svg>\u001b[39m\n              \u001b[36m<h3\u001b[39m\n                \u001b[33mclass\u001b[39m=\u001b[32m\"text-base font-bold text-text-primary mb-1.5\"\u001b[39m\n              \u001b[36m>\u001b[39m\n                \u001b[0mKhông tìm thấy câu hỏi phù hợp\u001b[0m\n              \u001b[36m</h3>\u001b[39m\n              \u001b[36m<p\u001b[39m\n                \u001b[33mclass\u001b[39m=\u001b[32m\"text-xs text-text-secondary leading-relaxed\"\u001b[39m\n              \u001b[36m>\u001b[39m\n                \u001b[0mVui lòng thay đổi từ khóa tìm kiếm hoặc các tùy chọn bộ lọc.\u001b[0m\n              \u001b[36m</p>\u001b[39m\n            \u001b[36m</div>\u001b[39m\n          \u001b[36m</main>\u001b[39m\n        \u001b[36m</div>\u001b[39m\n      \u001b[36m</div>\u001b[39m\n    \u001b[36m</div>\u001b[39m\n  \u001b[36m</div>\u001b[39m\n\u001b[36m</body>\u001b[39m\n    at waitForWrapper (C:\\Users\\Admin\\Desktop\\New folder (3)\\AI-SPEIS\\client\\ai-speis\\node_modules\\@testing-library\\dom\\dist\\wait-for.js:163:27)\n    at C:\\Users\\Admin\\Desktop\\New folder (3)\\AI-SPEIS\\client\\ai-speis\\node_modules\\@testing-library\\dom\\dist\\query-helpers.js:86:33\n    at C:/Users/Admin/Desktop/New folder (3)/AI-SPEIS/client/ai-speis/src/pages/user/StudentPages.test.jsx:63:25\n    at file:///C:/Users/Admin/Desktop/New%20folder%20(3)/AI-SPEIS/client/ai-speis/node_modules/@vitest/runner/dist/chunk-artifact.js:302:11\n    at file:///C:/Users/Admin/Desktop/New%20folder%20(3)/AI-SPEIS/client/ai-speis/node_modules/@vitest/runner/dist/chunk-artifact.js:1903:26\n    at file:///C:/Users/Admin/Desktop/New%20folder%20(3)/AI-SPEIS/client/ai-speis/node_modules/@vitest/runner/dist/chunk-artifact.js:2326:20\n    at new Promise (<anonymous>)\n    at runWithCancel (file:///C:/Users/Admin/Desktop/New%20folder%20(3)/AI-SPEIS/client/ai-speis/node_modules/@vitest/runner/dist/chunk-artifact.js:2323:10)\n    at file:///C:/Users/Admin/Desktop/New%20folder%20(3)/AI-SPEIS/client/ai-speis/node_modules/@vitest/runner/dist/chunk-artifact.js:2305:20\n    at new Promise (<anonymous>)"],"meta":{},"tags":[]}],"startTime":1782556631218,"endTime":1782556632667.0657,"status":"failed","message":"","name":"C:/Users/Admin/Desktop/New folder (3)/AI-SPEIS/client/ai-speis/src/pages/user/StudentPages.test.jsx"}]}